<?xml version="1.0" encoding="UTF-8"?>
<testng-results ignored="0" total="1" passed="1" failed="0" skipped="0">
  <reporter-output>
  </reporter-output>
  <suite started-at="2024-10-07T21:03:20 IST" name="Default suite" finished-at="2024-10-07T21:03:27 IST" duration-ms="7045">
    <groups>
    </groups>
    <test started-at="2024-10-07T21:03:20 IST" name="Default test" finished-at="2024-10-07T21:03:27 IST" duration-ms="7045">
      <class name="scripts.Login">
        <test-method is-config="true" signature="beforeClass()[pri:0, instance:scripts.Login@644baf4a]" started-at="2024-10-07T21:03:20 IST" name="beforeClass" finished-at="2024-10-07T21:03:25 IST" duration-ms="5194" status="PASS">
          <reporter-output>
          </reporter-output>
        </test-method> <!-- beforeClass -->
        <test-method signature="f()[pri:0, instance:scripts.Login@644baf4a]" started-at="2024-10-07T21:03:25 IST" name="f" finished-at="2024-10-07T21:03:27 IST" duration-ms="1636" status="PASS">
          <reporter-output>
          </reporter-output>
        </test-method> <!-- f -->
        <test-method is-config="true" signature="afterClass()[pri:0, instance:scripts.Login@644baf4a]" started-at="2024-10-07T21:03:27 IST" name="afterClass" finished-at="2024-10-07T21:03:27 IST" duration-ms="152" status="PASS">
          <reporter-output>
          </reporter-output>
        </test-method> <!-- afterClass -->
      </class> <!-- scripts.Login -->
    </test> <!-- Default test -->
  </suite> <!-- Default suite -->
</testng-results>
