<?xml version="1.0" encoding="UTF-8"?>
<testng-results ignored="0" total="1" passed="1" failed="0" skipped="0">
  <reporter-output>
  </reporter-output>
  <suite started-at="2024-11-07T15:38:50 IST" name="Default suite" finished-at="2024-11-07T15:38:57 IST" duration-ms="7070">
    <groups>
    </groups>
    <test started-at="2024-11-07T15:38:50 IST" name="Default test" finished-at="2024-11-07T15:38:57 IST" duration-ms="7070">
      <class name="testCases.TC001_AccountRegister">
        <test-method is-config="true" signature="setup()[pri:0, instance:testCases.TC001_AccountRegister@7e7b159b]" started-at="2024-11-07T15:38:50 IST" name="setup" finished-at="2024-11-07T15:38:52 IST" duration-ms="2349" status="PASS">
          <reporter-output>
          </reporter-output>
        </test-method> <!-- setup -->
        <test-method signature="verify_Registration()[pri:0, instance:testCases.TC001_AccountRegister@7e7b159b]" started-at="2024-11-07T15:38:52 IST" name="verify_Registration" finished-at="2024-11-07T15:38:57 IST" duration-ms="4683" status="PASS">
          <reporter-output>
          </reporter-output>
        </test-method> <!-- verify_Registration -->
        <test-method is-config="true" signature="tearDown()[pri:0, instance:testCases.TC001_AccountRegister@7e7b159b]" started-at="2024-11-07T15:38:57 IST" name="tearDown" finished-at="2024-11-07T15:38:57 IST" duration-ms="0" status="PASS">
          <reporter-output>
          </reporter-output>
        </test-method> <!-- tearDown -->
      </class> <!-- testCases.TC001_AccountRegister -->
    </test> <!-- Default test -->
  </suite> <!-- Default suite -->
</testng-results>
